<?xml version="1.0" encoding="UTF-8"?>
<!-- Generated by org.testng.reporters.JUnitXMLReporter -->
<testsuite hostname="DESKTOP-KRLAL0I" ignored="1" name="smokeTest" tests="5" failures="0" timestamp="08 Jan 2019 09:10:30 GMT" time="0.145" errors="0">
  <testcase name="@BeforeMethod beforeMethod" time="0.0" classname="com.project.Finance2.RadioButton1">
    <failure type="org.testng.TestNGException" message="
Parameter &amp;apos;browser&amp;apos; is required by BeforeMethod on method beforeMethod but has not been marked @Optional or defined
in D:\SeleniumMorning_BackupBatch\Finance\testng123.xml">
      <![CDATA[org.testng.TestNGException: 
Parameter 'browser' is required by BeforeMethod on method beforeMethod but has not been marked @Optional or defined
in D:\SeleniumMorning_BackupBatch\Finance\testng123.xml
... Removed 25 stack frames]]>
    </failure>
  </testcase> <!-- @BeforeMethod beforeMethod -->
  <testcase name="@AfterMethod afterMethod" time="0.0" classname="com.project.Finance2.RadioButton1">
    <skipped/>
  </testcase> <!-- @AfterMethod afterMethod -->
  <testcase name="@BeforeMethod setup" time="0.0" classname="com.project.Finance2.LinksTesting1">
    <failure type="org.testng.TestNGException" message="
Parameter &amp;apos;browser&amp;apos; is required by BeforeMethod on method setup but has not been marked @Optional or defined
in D:\SeleniumMorning_BackupBatch\Finance\testng123.xml">
      <![CDATA[org.testng.TestNGException: 
Parameter 'browser' is required by BeforeMethod on method setup but has not been marked @Optional or defined
in D:\SeleniumMorning_BackupBatch\Finance\testng123.xml
... Removed 25 stack frames]]>
    </failure>
  </testcase> <!-- @BeforeMethod setup -->
  <testcase name="@AfterMethod tearDown" time="0.0" classname="com.project.Finance2.LinksTesting1">
    <skipped/>
  </testcase> <!-- @AfterMethod tearDown -->
  <testcase name="@BeforeMethod beforeMethod" time="0.0" classname="com.project.Finance2.CheckBox1">
    <failure type="org.testng.TestNGException" message="
Parameter &amp;apos;browser&amp;apos; is required by BeforeMethod on method beforeMethod but has not been marked @Optional or defined
in D:\SeleniumMorning_BackupBatch\Finance\testng123.xml">
      <![CDATA[org.testng.TestNGException: 
Parameter 'browser' is required by BeforeMethod on method beforeMethod but has not been marked @Optional or defined
in D:\SeleniumMorning_BackupBatch\Finance\testng123.xml
... Removed 25 stack frames]]>
    </failure>
  </testcase> <!-- @BeforeMethod beforeMethod -->
  <testcase name="@AfterMethod afterMethod" time="0.0" classname="com.project.Finance2.CheckBox1">
    <skipped/>
  </testcase> <!-- @AfterMethod afterMethod -->
  <testcase name="checkboxTest" time="0.0" classname="com.project.Finance2.RadioButton1">
    <skipped/>
  </testcase> <!-- checkboxTest -->
  <testcase name="linktesting1" time="0.0" classname="com.project.Finance2.LinksTesting1">
    <skipped/>
  </testcase> <!-- linktesting1 -->
  <testcase name="checkboxTest" time="0.0" classname="com.project.Finance2.CheckBox1">
    <skipped/>
  </testcase> <!-- checkboxTest -->
  <testcase name="f" time="0.002" classname="com.project.Finance2.NewTest"/>
  <testcase name="a" time="0.012" classname="com.project.Finance2.NewTest"/>
  <testcase name="y" time="0.0" classname="com.project.Finance2.NewTest">
    <ignored/>
  </testcase> <!-- y -->
</testsuite> <!-- smokeTest -->
